<?xml version="1.0" encoding="UTF-8"?>
<!-- Generated by org.testng.reporters.JUnitXMLReporter -->
<testsuite hostname="SONY-VAIO" ignored="0" name="Default test" tests="12" failures="0" timestamp="21 Apr 2018 06:59:05 GMT" time="0.111" errors="0">
  <testcase name="div" time="0.022" classname="com.qa.test.DemoTest"/>
  <testcase name="mul" time="0.001" classname="com.qa.test.DemoTest"/>
  <testcase name="sub" time="0.002" classname="com.qa.test.DemoTest"/>
  <testcase name="sum" time="0.002" classname="com.qa.test.DemoTest"/>
  <testcase name="div" time="0.002" classname="com.qa.test.DemoTest2"/>
  <testcase name="mul" time="0.002" classname="com.qa.test.DemoTest2"/>
  <testcase name="sub" time="0.002" classname="com.qa.test.DemoTest2"/>
  <testcase name="sum" time="0.002" classname="com.qa.test.DemoTest2"/>
  <testcase name="div" time="0.002" classname="com.qa.test.DemoTest3"/>
  <testcase name="mul" time="0.002" classname="com.qa.test.DemoTest3"/>
  <testcase name="sub" time="0.002" classname="com.qa.test.DemoTest3"/>
  <testcase name="sum" time="0.002" classname="com.qa.test.DemoTest3"/>
</testsuite> <!-- Default test -->
