<?xml version="1.0" encoding="UTF-8"?>
<!-- Generated by org.testng.reporters.JUnitXMLReporter -->
<testsuite hostname="SONY-VAIO" ignored="0" name="Test" tests="12" failures="0" timestamp="16 Apr 2018 16:46:56 GMT" time="0.111" errors="0">
  <testcase name="div" time="0.017" classname="com.qa.test.DemoTest"/>
  <testcase name="mul" time="0.003" classname="com.qa.test.DemoTest"/>
  <testcase name="sub" time="0.002" classname="com.qa.test.DemoTest"/>
  <testcase name="sum" time="0.003" classname="com.qa.test.DemoTest"/>
  <testcase name="div" time="0.002" classname="com.qa.test.DemoTest2"/>
  <testcase name="mul" time="0.002" classname="com.qa.test.DemoTest2"/>
  <testcase name="sub" time="0.003" classname="com.qa.test.DemoTest2"/>
  <testcase name="sum" time="0.002" classname="com.qa.test.DemoTest2"/>
  <testcase name="div" time="0.003" classname="com.qa.test.DemoTest3"/>
  <testcase name="mul" time="0.002" classname="com.qa.test.DemoTest3"/>
  <testcase name="sub" time="0.002" classname="com.qa.test.DemoTest3"/>
  <testcase name="sum" time="0.003" classname="com.qa.test.DemoTest3"/>
</testsuite> <!-- Test -->
