<?xml version="1.0" encoding="UTF-8"?>
<!-- Generated by org.testng.reporters.JUnitXMLReporter -->
<testsuite hostname="SONY-VAIO" name="Command line test" tests="4" failures="0" timestamp="26 Mar 2018 10:13:41 GMT" time="0.09" errors="0">
  <testcase name="div" time="0.04" classname="com.qa.test.DemoTest"/>
  <testcase name="mul" time="0.001" classname="com.qa.test.DemoTest"/>
  <testcase name="sub" time="0.001" classname="com.qa.test.DemoTest"/>
  <testcase name="sum" time="0.001" classname="com.qa.test.DemoTest"/>
</testsuite> <!-- Command line test -->
