<?xml version="1.0" encoding="UTF-8"?>
<testng-results skipped="0" failed="0" total="4" passed="4">
  <reporter-output>
  </reporter-output>
  <suite name="com.qa.test.DemoTest" duration-ms="90" started-at="2018-03-26T10:13:40Z" finished-at="2018-03-26T10:13:41Z">
    <groups>
    </groups>
    <test name="Command line test" duration-ms="90" started-at="2018-03-26T10:13:40Z" finished-at="2018-03-26T10:13:41Z">
      <class name="com.qa.test.DemoTest">
        <test-method status="PASS" signature="div()[pri:0, instance:com.qa.test.DemoTest@17c68925]" name="div" duration-ms="40" started-at="2018-03-26T15:43:40Z" finished-at="2018-03-26T15:43:40Z">
          <reporter-output>
          </reporter-output>
        </test-method> <!-- div -->
        <test-method status="PASS" signature="mul()[pri:0, instance:com.qa.test.DemoTest@17c68925]" name="mul" duration-ms="1" started-at="2018-03-26T15:43:40Z" finished-at="2018-03-26T15:43:41Z">
          <reporter-output>
          </reporter-output>
        </test-method> <!-- mul -->
        <test-method status="PASS" signature="sub()[pri:0, instance:com.qa.test.DemoTest@17c68925]" name="sub" duration-ms="1" started-at="2018-03-26T15:43:41Z" finished-at="2018-03-26T15:43:41Z">
          <reporter-output>
          </reporter-output>
        </test-method> <!-- sub -->
        <test-method status="PASS" signature="sum()[pri:0, instance:com.qa.test.DemoTest@17c68925]" name="sum" duration-ms="1" started-at="2018-03-26T15:43:41Z" finished-at="2018-03-26T15:43:41Z">
          <reporter-output>
          </reporter-output>
        </test-method> <!-- sum -->
      </class> <!-- com.qa.test.DemoTest -->
    </test> <!-- Command line test -->
  </suite> <!-- com.qa.test.DemoTest -->
</testng-results>
