<?xml version="1.0" encoding="UTF-8"?>
<testng-results skipped="0" failed="0" ignored="0" total="12" passed="12">
  <reporter-output>
  </reporter-output>
  <suite name="Default suite" duration-ms="111" started-at="2018-04-21T06:59:05Z" finished-at="2018-04-21T06:59:05Z">
    <groups>
    </groups>
    <test name="Default test" duration-ms="111" started-at="2018-04-21T06:59:05Z" finished-at="2018-04-21T06:59:05Z">
      <class name="com.qa.test.DemoTest">
        <test-method status="PASS" signature="div()[pri:0, instance:com.qa.test.DemoTest@23ceabc1]" name="div" duration-ms="22" started-at="2018-04-21T12:29:05Z" finished-at="2018-04-21T12:29:05Z">
          <reporter-output>
          </reporter-output>
        </test-method> <!-- div -->
        <test-method status="PASS" signature="mul()[pri:0, instance:com.qa.test.DemoTest@23ceabc1]" name="mul" duration-ms="1" started-at="2018-04-21T12:29:05Z" finished-at="2018-04-21T12:29:05Z">
          <reporter-output>
          </reporter-output>
        </test-method> <!-- mul -->
        <test-method status="PASS" signature="sub()[pri:0, instance:com.qa.test.DemoTest@23ceabc1]" name="sub" duration-ms="2" started-at="2018-04-21T12:29:05Z" finished-at="2018-04-21T12:29:05Z">
          <reporter-output>
          </reporter-output>
        </test-method> <!-- sub -->
        <test-method status="PASS" signature="sum()[pri:0, instance:com.qa.test.DemoTest@23ceabc1]" name="sum" duration-ms="2" started-at="2018-04-21T12:29:05Z" finished-at="2018-04-21T12:29:05Z">
          <reporter-output>
          </reporter-output>
        </test-method> <!-- sum -->
      </class> <!-- com.qa.test.DemoTest -->
      <class name="com.qa.test.DemoTest2">
        <test-method status="PASS" signature="div()[pri:0, instance:com.qa.test.DemoTest2@6cc4c815]" name="div" duration-ms="2" started-at="2018-04-21T12:29:05Z" finished-at="2018-04-21T12:29:05Z">
          <reporter-output>
          </reporter-output>
        </test-method> <!-- div -->
        <test-method status="PASS" signature="mul()[pri:0, instance:com.qa.test.DemoTest2@6cc4c815]" name="mul" duration-ms="2" started-at="2018-04-21T12:29:05Z" finished-at="2018-04-21T12:29:05Z">
          <reporter-output>
          </reporter-output>
        </test-method> <!-- mul -->
        <test-method status="PASS" signature="sub()[pri:0, instance:com.qa.test.DemoTest2@6cc4c815]" name="sub" duration-ms="2" started-at="2018-04-21T12:29:05Z" finished-at="2018-04-21T12:29:05Z">
          <reporter-output>
          </reporter-output>
        </test-method> <!-- sub -->
        <test-method status="PASS" signature="sum()[pri:0, instance:com.qa.test.DemoTest2@6cc4c815]" name="sum" duration-ms="2" started-at="2018-04-21T12:29:05Z" finished-at="2018-04-21T12:29:05Z">
          <reporter-output>
          </reporter-output>
        </test-method> <!-- sum -->
      </class> <!-- com.qa.test.DemoTest2 -->
      <class name="com.qa.test.DemoTest3">
        <test-method status="PASS" signature="div()[pri:0, instance:com.qa.test.DemoTest3@3a82f6ef]" name="div" duration-ms="2" started-at="2018-04-21T12:29:05Z" finished-at="2018-04-21T12:29:05Z">
          <reporter-output>
          </reporter-output>
        </test-method> <!-- div -->
        <test-method status="PASS" signature="mul()[pri:0, instance:com.qa.test.DemoTest3@3a82f6ef]" name="mul" duration-ms="2" started-at="2018-04-21T12:29:05Z" finished-at="2018-04-21T12:29:05Z">
          <reporter-output>
          </reporter-output>
        </test-method> <!-- mul -->
        <test-method status="PASS" signature="sub()[pri:0, instance:com.qa.test.DemoTest3@3a82f6ef]" name="sub" duration-ms="2" started-at="2018-04-21T12:29:05Z" finished-at="2018-04-21T12:29:05Z">
          <reporter-output>
          </reporter-output>
        </test-method> <!-- sub -->
        <test-method status="PASS" signature="sum()[pri:0, instance:com.qa.test.DemoTest3@3a82f6ef]" name="sum" duration-ms="2" started-at="2018-04-21T12:29:05Z" finished-at="2018-04-21T12:29:05Z">
          <reporter-output>
          </reporter-output>
        </test-method> <!-- sum -->
      </class> <!-- com.qa.test.DemoTest3 -->
    </test> <!-- Default test -->
  </suite> <!-- Default suite -->
</testng-results>
