<?xml version="1.0" encoding="UTF-8"?>
<!-- Generated by org.testng.reporters.JUnitXMLReporter -->
<testsuite hostname="SONY-VAIO" ignored="0" name="Test" tests="12" failures="0" timestamp="21 Apr 2018 07:00:48 GMT" time="0.072" errors="0">
  <testcase name="div" time="0.014" classname="com.qa.test.DemoTest3"/>
  <testcase name="mul" time="0.0" classname="com.qa.test.DemoTest3"/>
  <testcase name="sub" time="0.0" classname="com.qa.test.DemoTest3"/>
  <testcase name="sum" time="0.0" classname="com.qa.test.DemoTest3"/>
  <testcase name="div" time="0.0" classname="com.qa.test.DemoTest2"/>
  <testcase name="mul" time="0.0" classname="com.qa.test.DemoTest2"/>
  <testcase name="sub" time="0.0" classname="com.qa.test.DemoTest2"/>
  <testcase name="sum" time="0.0" classname="com.qa.test.DemoTest2"/>
  <testcase name="div" time="0.0" classname="com.qa.test.DemoTest"/>
  <testcase name="mul" time="0.0" classname="com.qa.test.DemoTest"/>
  <testcase name="sub" time="0.0" classname="com.qa.test.DemoTest"/>
  <testcase name="sum" time="0.0" classname="com.qa.test.DemoTest"/>
</testsuite> <!-- Test -->
